<?xml version="1.0" encoding="UTF-8"?>
<testsuite name="kr.ac.jejunu.userdao.UserDaoTests" tests="2" skipped="0" failures="0" errors="0" timestamp="2022-04-22T07:58:58" hostname="DESKTOP-I0RAN8D" time="0.449">
  <properties/>
  <testcase name="insert()" classname="kr.ac.jejunu.userdao.UserDaoTests" time="0.424"/>
  <testcase name="get()" classname="kr.ac.jejunu.userdao.UserDaoTests" time="0.024"/>
  <system-out><![CDATA[]]></system-out>
  <system-err><![CDATA[]]></system-err>
</testsuite>
