<?xml version="1.0" encoding="UTF-8"?>
<testsuite name="kr.ac.jejunu.userdao.UserDaoTests" tests="1" skipped="0" failures="0" errors="0" timestamp="2022-04-22T07:34:20" hostname="DESKTOP-I0RAN8D" time="0.362">
  <properties/>
  <testcase name="testget()" classname="kr.ac.jejunu.userdao.UserDaoTests" time="0.362"/>
  <system-out><![CDATA[]]></system-out>
  <system-err><![CDATA[]]></system-err>
</testsuite>
