<?xml version="1.0" encoding="UTF-8"?>
<testsuite name="kr.ac.jejunu.userdao.UserDaoTests" tests="4" skipped="0" failures="0" errors="0" timestamp="2022-04-22T09:10:12" hostname="DESKTOP-I0RAN8D" time="0.567">
  <properties/>
  <testcase name="delete()" classname="kr.ac.jejunu.userdao.UserDaoTests" time="0.409"/>
  <testcase name="insert()" classname="kr.ac.jejunu.userdao.UserDaoTests" time="0.064"/>
  <testcase name="update()" classname="kr.ac.jejunu.userdao.UserDaoTests" time="0.069"/>
  <testcase name="get()" classname="kr.ac.jejunu.userdao.UserDaoTests" time="0.022"/>
  <system-out><![CDATA[]]></system-out>
  <system-err><![CDATA[]]></system-err>
</testsuite>
