<?xml version="1.0" encoding="UTF-8"?>
<testsuite name="kr.ac.jejunu.userdao.UserDaoTests" tests="4" skipped="0" failures="0" errors="0" timestamp="2022-04-22T12:00:11" hostname="DESKTOP-I0RAN8D" time="0.723">
  <properties/>
  <testcase name="delete()" classname="kr.ac.jejunu.userdao.UserDaoTests" time="0.514"/>
  <testcase name="insert()" classname="kr.ac.jejunu.userdao.UserDaoTests" time="0.085"/>
  <testcase name="update()" classname="kr.ac.jejunu.userdao.UserDaoTests" time="0.097"/>
  <testcase name="get()" classname="kr.ac.jejunu.userdao.UserDaoTests" time="0.024"/>
  <system-out><![CDATA[]]></system-out>
  <system-err><![CDATA[]]></system-err>
</testsuite>
