<?xml version="1.0" encoding="UTF-8"?>
<testsuite name="kr.ac.jejunu.userdao.UserDaoTests" tests="4" skipped="0" failures="0" errors="0" timestamp="2022-04-22T14:20:42" hostname="DESKTOP-I0RAN8D" time="0.666">
  <properties/>
  <testcase name="delete()" classname="kr.ac.jejunu.userdao.UserDaoTests" time="0.484"/>
  <testcase name="insert()" classname="kr.ac.jejunu.userdao.UserDaoTests" time="0.072"/>
  <testcase name="update()" classname="kr.ac.jejunu.userdao.UserDaoTests" time="0.087"/>
  <testcase name="get()" classname="kr.ac.jejunu.userdao.UserDaoTests" time="0.022"/>
  <system-out><![CDATA[]]></system-out>
  <system-err><![CDATA[]]></system-err>
</testsuite>
